{"/Users/gmorer/red_tetris/src/server/src/utils.js": {"path":"/Users/gmorer/red_tetris/src/server/src/utils.js","statementMap":{"0":{"start":{"line":1,"column":15},"end":{"line":1,"column":50}},"1":{"start":{"line":3,"column":18},"end":{"line":6,"column":33}},"2":{"start":{"line":4,"column":1},"end":{"line":6,"column":33}},"3":{"start":{"line":6,"column":13},"end":{"line":6,"column":32}},"4":{"start":{"line":8,"column":21},"end":{"line":10,"column":2}},"5":{"start":{"line":8,"column":28},"end":{"line":10,"column":2}},"6":{"start":{"line":9,"column":1},"end":{"line":9,"column":26}},"7":{"start":{"line":9,"column":16},"end":{"line":9,"column":25}},"8":{"start":{"line":12,"column":28},"end":{"line":16,"column":54}},"9":{"start":{"line":13,"column":1},"end":{"line":16,"column":54}},"10":{"start":{"line":16,"column":12},"end":{"line":16,"column":53}},"11":{"start":{"line":18,"column":0},"end":{"line":22,"column":1}}},"fnMap":{"0":{"name":"(anonymous_0)","decl":{"start":{"line":3,"column":18},"end":{"line":3,"column":19}},"loc":{"start":{"line":4,"column":1},"end":{"line":6,"column":33}},"line":4},"1":{"name":"(anonymous_1)","decl":{"start":{"line":6,"column":7},"end":{"line":6,"column":8}},"loc":{"start":{"line":6,"column":13},"end":{"line":6,"column":32}},"line":6},"2":{"name":"(anonymous_2)","decl":{"start":{"line":8,"column":21},"end":{"line":8,"column":22}},"loc":{"start":{"line":8,"column":28},"end":{"line":10,"column":2}},"line":8},"3":{"name":"(anonymous_3)","decl":{"start":{"line":8,"column":42},"end":{"line":8,"column":43}},"loc":{"start":{"line":8,"column":50},"end":{"line":10,"column":1}},"line":8},"4":{"name":"(anonymous_4)","decl":{"start":{"line":9,"column":11},"end":{"line":9,"column":12}},"loc":{"start":{"line":9,"column":16},"end":{"line":9,"column":25}},"line":9},"5":{"name":"(anonymous_5)","decl":{"start":{"line":12,"column":28},"end":{"line":12,"column":29}},"loc":{"start":{"line":13,"column":1},"end":{"line":16,"column":54}},"line":13},"6":{"name":"(anonymous_6)","decl":{"start":{"line":16,"column":7},"end":{"line":16,"column":8}},"loc":{"start":{"line":16,"column":12},"end":{"line":16,"column":53}},"line":16}},"branchMap":{},"s":{"0":3,"1":3,"2":6,"3":120,"4":3,"5":0,"6":0,"7":0,"8":3,"9":2,"10":1000,"11":3},"f":{"0":6,"1":120,"2":0,"3":0,"4":0,"5":2,"6":1000},"b":{},"_coverageSchema":"43e27e138ebf9cfc5966b082cf9a028302ed4184","hash":"2d471c82d357d84849c76d7b81b222c0f491b0aa"}
,"/Users/gmorer/red_tetris/src/server/src/classes/game.js": {"path":"/Users/gmorer/red_tetris/src/server/src/classes/game.js","statementMap":{"0":{"start":{"line":1,"column":17},"end":{"line":1,"column":37}},"1":{"start":{"line":2,"column":15},"end":{"line":2,"column":34}},"2":{"start":{"line":3,"column":13},"end":{"line":3,"column":30}},"3":{"start":{"line":7,"column":2},"end":{"line":7,"column":28}},"4":{"start":{"line":8,"column":2},"end":{"line":8,"column":17}},"5":{"start":{"line":9,"column":2},"end":{"line":9,"column":13}},"6":{"start":{"line":10,"column":2},"end":{"line":10,"column":57}},"7":{"start":{"line":14,"column":2},"end":{"line":15,"column":63}},"8":{"start":{"line":14,"column":35},"end":{"line":14,"column":64}},"9":{"start":{"line":15,"column":17},"end":{"line":15,"column":61}},"10":{"start":{"line":19,"column":2},"end":{"line":19,"column":15}},"11":{"start":{"line":20,"column":17},"end":{"line":20,"column":35}},"12":{"start":{"line":21,"column":2},"end":{"line":21,"column":29}},"13":{"start":{"line":22,"column":2},"end":{"line":22,"column":43}},"14":{"start":{"line":23,"column":2},"end":{"line":23,"column":82}},"15":{"start":{"line":23,"column":40},"end":{"line":23,"column":81}},"16":{"start":{"line":24,"column":2},"end":{"line":24,"column":61}},"17":{"start":{"line":24,"column":31},"end":{"line":24,"column":60}},"18":{"start":{"line":25,"column":2},"end":{"line":25,"column":63}},"19":{"start":{"line":25,"column":39},"end":{"line":25,"column":62}},"20":{"start":{"line":29,"column":2},"end":{"line":29,"column":44}},"21":{"start":{"line":33,"column":15},"end":{"line":33,"column":49}},"22":{"start":{"line":34,"column":2},"end":{"line":45,"column":3}},"23":{"start":{"line":35,"column":19},"end":{"line":35,"column":71}},"24":{"start":{"line":36,"column":3},"end":{"line":36,"column":46}},"25":{"start":{"line":37,"column":3},"end":{"line":37,"column":27}},"26":{"start":{"line":38,"column":3},"end":{"line":38,"column":45}},"27":{"start":{"line":39,"column":3},"end":{"line":39,"column":11}},"28":{"start":{"line":41,"column":3},"end":{"line":44,"column":19}},"29":{"start":{"line":42,"column":4},"end":{"line":42,"column":46}},"30":{"start":{"line":43,"column":4},"end":{"line":43,"column":12}},"31":{"start":{"line":44,"column":10},"end":{"line":44,"column":19}},"32":{"start":{"line":49,"column":2},"end":{"line":49,"column":58}},"33":{"start":{"line":49,"column":38},"end":{"line":49,"column":57}},"34":{"start":{"line":53,"column":2},"end":{"line":56,"column":3}},"35":{"start":{"line":54,"column":3},"end":{"line":54,"column":15}},"36":{"start":{"line":55,"column":3},"end":{"line":55,"column":30}},"37":{"start":{"line":57,"column":16},"end":{"line":57,"column":68}},"38":{"start":{"line":57,"column":45},"end":{"line":57,"column":67}},"39":{"start":{"line":58,"column":2},"end":{"line":58,"column":26}},"40":{"start":{"line":58,"column":20},"end":{"line":58,"column":26}},"41":{"start":{"line":59,"column":2},"end":{"line":59,"column":41}},"42":{"start":{"line":60,"column":2},"end":{"line":61,"column":30}},"43":{"start":{"line":61,"column":3},"end":{"line":61,"column":30}},"44":{"start":{"line":62,"column":2},"end":{"line":62,"column":44}},"45":{"start":{"line":66,"column":0},"end":{"line":66,"column":21}}},"fnMap":{"0":{"name":"(anonymous_0)","decl":{"start":{"line":6,"column":1},"end":{"line":6,"column":2}},"loc":{"start":{"line":6,"column":21},"end":{"line":11,"column":2}},"line":6},"1":{"name":"(anonymous_1)","decl":{"start":{"line":13,"column":1},"end":{"line":13,"column":2}},"loc":{"start":{"line":13,"column":13},"end":{"line":16,"column":2}},"line":13},"2":{"name":"(anonymous_2)","decl":{"start":{"line":14,"column":27},"end":{"line":14,"column":28}},"loc":{"start":{"line":14,"column":35},"end":{"line":14,"column":64}},"line":14},"3":{"name":"(anonymous_3)","decl":{"start":{"line":15,"column":8},"end":{"line":15,"column":9}},"loc":{"start":{"line":15,"column":17},"end":{"line":15,"column":61}},"line":15},"4":{"name":"(anonymous_4)","decl":{"start":{"line":18,"column":1},"end":{"line":18,"column":2}},"loc":{"start":{"line":18,"column":23},"end":{"line":26,"column":2}},"line":18},"5":{"name":"(anonymous_5)","decl":{"start":{"line":23,"column":27},"end":{"line":23,"column":28}},"loc":{"start":{"line":23,"column":40},"end":{"line":23,"column":81}},"line":23},"6":{"name":"(anonymous_6)","decl":{"start":{"line":24,"column":26},"end":{"line":24,"column":27}},"loc":{"start":{"line":24,"column":31},"end":{"line":24,"column":60}},"line":24},"7":{"name":"(anonymous_7)","decl":{"start":{"line":25,"column":34},"end":{"line":25,"column":35}},"loc":{"start":{"line":25,"column":39},"end":{"line":25,"column":62}},"line":25},"8":{"name":"(anonymous_8)","decl":{"start":{"line":28,"column":1},"end":{"line":28,"column":2}},"loc":{"start":{"line":28,"column":22},"end":{"line":30,"column":2}},"line":28},"9":{"name":"(anonymous_9)","decl":{"start":{"line":32,"column":1},"end":{"line":32,"column":2}},"loc":{"start":{"line":32,"column":55},"end":{"line":46,"column":2}},"line":32},"10":{"name":"(anonymous_10)","decl":{"start":{"line":48,"column":1},"end":{"line":48,"column":2}},"loc":{"start":{"line":48,"column":15},"end":{"line":50,"column":2}},"line":48},"11":{"name":"(anonymous_11)","decl":{"start":{"line":49,"column":30},"end":{"line":49,"column":31}},"loc":{"start":{"line":49,"column":38},"end":{"line":49,"column":57}},"line":49},"12":{"name":"(anonymous_12)","decl":{"start":{"line":52,"column":1},"end":{"line":52,"column":2}},"loc":{"start":{"line":52,"column":26},"end":{"line":63,"column":2}},"line":52},"13":{"name":"(anonymous_13)","decl":{"start":{"line":57,"column":37},"end":{"line":57,"column":38}},"loc":{"start":{"line":57,"column":45},"end":{"line":57,"column":67}},"line":57}},"branchMap":{"0":{"loc":{"start":{"line":34,"column":2},"end":{"line":45,"column":3}},"type":"if","locations":[{"start":{"line":34,"column":2},"end":{"line":45,"column":3}},{"start":{"line":34,"column":2},"end":{"line":45,"column":3}}],"line":34},"1":{"loc":{"start":{"line":41,"column":3},"end":{"line":44,"column":19}},"type":"if","locations":[{"start":{"line":41,"column":3},"end":{"line":44,"column":19}},{"start":{"line":41,"column":3},"end":{"line":44,"column":19}}],"line":41},"2":{"loc":{"start":{"line":53,"column":2},"end":{"line":56,"column":3}},"type":"if","locations":[{"start":{"line":53,"column":2},"end":{"line":56,"column":3}},{"start":{"line":53,"column":2},"end":{"line":56,"column":3}}],"line":53},"3":{"loc":{"start":{"line":58,"column":2},"end":{"line":58,"column":26}},"type":"if","locations":[{"start":{"line":58,"column":2},"end":{"line":58,"column":26}},{"start":{"line":58,"column":2},"end":{"line":58,"column":26}}],"line":58},"4":{"loc":{"start":{"line":60,"column":2},"end":{"line":61,"column":30}},"type":"if","locations":[{"start":{"line":60,"column":2},"end":{"line":61,"column":30}},{"start":{"line":60,"column":2},"end":{"line":61,"column":30}}],"line":60}},"s":{"0":1,"1":1,"2":1,"3":1,"4":1,"5":1,"6":1,"7":6,"8":6,"9":6,"10":1,"11":1,"12":1,"13":1,"14":1,"15":0,"16":1,"17":0,"18":1,"19":0,"20":1,"21":2,"22":2,"23":1,"24":1,"25":1,"26":1,"27":1,"28":1,"29":1,"30":1,"31":0,"32":2,"33":1,"34":2,"35":2,"36":2,"37":2,"38":1,"39":2,"40":1,"41":1,"42":1,"43":0,"44":1,"45":1},"f":{"0":1,"1":6,"2":6,"3":6,"4":1,"5":0,"6":0,"7":0,"8":1,"9":2,"10":2,"11":1,"12":2,"13":1},"b":{"0":[1,1],"1":[1,0],"2":[2,0],"3":[1,1],"4":[0,1]},"_coverageSchema":"43e27e138ebf9cfc5966b082cf9a028302ed4184","hash":"3fbcc97b6964a4e8429db6ca04ecb01c2df67cbc"}
,"/Users/gmorer/red_tetris/src/server/src/classes/player.js": {"path":"/Users/gmorer/red_tetris/src/server/src/classes/player.js","statementMap":{"0":{"start":{"line":1,"column":36},"end":{"line":1,"column":55}},"1":{"start":{"line":3,"column":14},"end":{"line":3,"column":23}},"2":{"start":{"line":4,"column":21},"end":{"line":4,"column":23}},"3":{"start":{"line":5,"column":20},"end":{"line":5,"column":22}},"4":{"start":{"line":11,"column":15},"end":{"line":16,"column":1}},"5":{"start":{"line":12,"column":1},"end":{"line":15,"column":3}},"6":{"start":{"line":13,"column":2},"end":{"line":13,"column":61}},"7":{"start":{"line":13,"column":28},"end":{"line":13,"column":61}},"8":{"start":{"line":14,"column":2},"end":{"line":14,"column":15}},"9":{"start":{"line":20,"column":2},"end":{"line":20,"column":19}},"10":{"start":{"line":21,"column":2},"end":{"line":21,"column":23}},"11":{"start":{"line":22,"column":2},"end":{"line":22,"column":25}},"12":{"start":{"line":23,"column":2},"end":{"line":23,"column":22}},"13":{"start":{"line":24,"column":2},"end":{"line":24,"column":57}},"14":{"start":{"line":25,"column":2},"end":{"line":25,"column":17}},"15":{"start":{"line":26,"column":2},"end":{"line":32,"column":4}},"16":{"start":{"line":27,"column":3},"end":{"line":27,"column":23}},"17":{"start":{"line":27,"column":17},"end":{"line":27,"column":23}},"18":{"start":{"line":28,"column":3},"end":{"line":29,"column":58}},"19":{"start":{"line":29,"column":4},"end":{"line":29,"column":58}},"20":{"start":{"line":30,"column":3},"end":{"line":30,"column":49}},"21":{"start":{"line":31,"column":3},"end":{"line":31,"column":22}},"22":{"start":{"line":33,"column":2},"end":{"line":36,"column":4}},"23":{"start":{"line":34,"column":3},"end":{"line":34,"column":23}},"24":{"start":{"line":34,"column":17},"end":{"line":34,"column":23}},"25":{"start":{"line":35,"column":3},"end":{"line":35,"column":35}},"26":{"start":{"line":37,"column":2},"end":{"line":41,"column":4}},"27":{"start":{"line":38,"column":3},"end":{"line":38,"column":23}},"28":{"start":{"line":38,"column":17},"end":{"line":38,"column":23}},"29":{"start":{"line":39,"column":3},"end":{"line":39,"column":22}},"30":{"start":{"line":40,"column":3},"end":{"line":40,"column":52}},"31":{"start":{"line":42,"column":2},"end":{"line":45,"column":4}},"32":{"start":{"line":43,"column":3},"end":{"line":43,"column":23}},"33":{"start":{"line":43,"column":17},"end":{"line":43,"column":23}},"34":{"start":{"line":44,"column":3},"end":{"line":44,"column":41}},"35":{"start":{"line":49,"column":2},"end":{"line":49,"column":21}},"36":{"start":{"line":50,"column":2},"end":{"line":50,"column":40}},"37":{"start":{"line":54,"column":2},"end":{"line":54,"column":53}},"38":{"start":{"line":58,"column":2},"end":{"line":58,"column":34}},"39":{"start":{"line":62,"column":2},"end":{"line":62,"column":48}},"40":{"start":{"line":66,"column":2},"end":{"line":66,"column":40}},"41":{"start":{"line":69,"column":26},"end":{"line":69,"column":85}},"42":{"start":{"line":70,"column":22},"end":{"line":70,"column":61}},"43":{"start":{"line":71,"column":12},"end":{"line":71,"column":33}},"44":{"start":{"line":73,"column":17},"end":{"line":73,"column":33}},"45":{"start":{"line":74,"column":13},"end":{"line":74,"column":25}},"46":{"start":{"line":75,"column":19},"end":{"line":75,"column":37}},"47":{"start":{"line":77,"column":14},"end":{"line":77,"column":31}},"48":{"start":{"line":78,"column":13},"end":{"line":78,"column":29}},"49":{"start":{"line":79,"column":11},"end":{"line":79,"column":25}},"50":{"start":{"line":82,"column":0},"end":{"line":82,"column":23}}},"fnMap":{"0":{"name":"(anonymous_0)","decl":{"start":{"line":11,"column":15},"end":{"line":11,"column":16}},"loc":{"start":{"line":11,"column":34},"end":{"line":16,"column":1}},"line":11},"1":{"name":"(anonymous_1)","decl":{"start":{"line":12,"column":20},"end":{"line":12,"column":21}},"loc":{"start":{"line":12,"column":30},"end":{"line":15,"column":2}},"line":12},"2":{"name":"(anonymous_2)","decl":{"start":{"line":19,"column":1},"end":{"line":19,"column":2}},"loc":{"start":{"line":19,"column":21},"end":{"line":46,"column":2}},"line":19},"3":{"name":"(anonymous_3)","decl":{"start":{"line":26,"column":27},"end":{"line":26,"column":28}},"loc":{"start":{"line":26,"column":36},"end":{"line":32,"column":3}},"line":26},"4":{"name":"(anonymous_4)","decl":{"start":{"line":33,"column":25},"end":{"line":33,"column":26}},"loc":{"start":{"line":33,"column":36},"end":{"line":36,"column":3}},"line":33},"5":{"name":"(anonymous_5)","decl":{"start":{"line":37,"column":27},"end":{"line":37,"column":28}},"loc":{"start":{"line":37,"column":36},"end":{"line":41,"column":3}},"line":37},"6":{"name":"(anonymous_6)","decl":{"start":{"line":42,"column":26},"end":{"line":42,"column":27}},"loc":{"start":{"line":42,"column":34},"end":{"line":45,"column":3}},"line":42},"7":{"name":"(anonymous_7)","decl":{"start":{"line":48,"column":1},"end":{"line":48,"column":2}},"loc":{"start":{"line":48,"column":20},"end":{"line":51,"column":2}},"line":48},"8":{"name":"(anonymous_8)","decl":{"start":{"line":53,"column":1},"end":{"line":53,"column":2}},"loc":{"start":{"line":53,"column":29},"end":{"line":55,"column":2}},"line":53},"9":{"name":"(anonymous_9)","decl":{"start":{"line":57,"column":1},"end":{"line":57,"column":2}},"loc":{"start":{"line":57,"column":17},"end":{"line":59,"column":2}},"line":57},"10":{"name":"(anonymous_10)","decl":{"start":{"line":61,"column":1},"end":{"line":61,"column":2}},"loc":{"start":{"line":61,"column":24},"end":{"line":63,"column":2}},"line":61},"11":{"name":"(anonymous_11)","decl":{"start":{"line":65,"column":1},"end":{"line":65,"column":2}},"loc":{"start":{"line":65,"column":20},"end":{"line":67,"column":2}},"line":65},"12":{"name":"(anonymous_12)","decl":{"start":{"line":69,"column":1},"end":{"line":69,"column":2}},"loc":{"start":{"line":69,"column":24},"end":{"line":69,"column":87}},"line":69},"13":{"name":"(anonymous_13)","decl":{"start":{"line":70,"column":1},"end":{"line":70,"column":2}},"loc":{"start":{"line":70,"column":20},"end":{"line":70,"column":63}},"line":70},"14":{"name":"(anonymous_14)","decl":{"start":{"line":71,"column":1},"end":{"line":71,"column":2}},"loc":{"start":{"line":71,"column":10},"end":{"line":71,"column":35}},"line":71},"15":{"name":"(anonymous_15)","decl":{"start":{"line":73,"column":1},"end":{"line":73,"column":2}},"loc":{"start":{"line":73,"column":15},"end":{"line":73,"column":35}},"line":73},"16":{"name":"(anonymous_16)","decl":{"start":{"line":74,"column":1},"end":{"line":74,"column":2}},"loc":{"start":{"line":74,"column":11},"end":{"line":74,"column":27}},"line":74},"17":{"name":"(anonymous_17)","decl":{"start":{"line":75,"column":1},"end":{"line":75,"column":2}},"loc":{"start":{"line":75,"column":17},"end":{"line":75,"column":39}},"line":75},"18":{"name":"(anonymous_18)","decl":{"start":{"line":77,"column":1},"end":{"line":77,"column":2}},"loc":{"start":{"line":77,"column":12},"end":{"line":77,"column":33}},"line":77},"19":{"name":"(anonymous_19)","decl":{"start":{"line":78,"column":1},"end":{"line":78,"column":2}},"loc":{"start":{"line":78,"column":11},"end":{"line":78,"column":31}},"line":78},"20":{"name":"(anonymous_20)","decl":{"start":{"line":79,"column":1},"end":{"line":79,"column":2}},"loc":{"start":{"line":79,"column":9},"end":{"line":79,"column":27}},"line":79}},"branchMap":{"0":{"loc":{"start":{"line":13,"column":2},"end":{"line":13,"column":61}},"type":"if","locations":[{"start":{"line":13,"column":2},"end":{"line":13,"column":61}},{"start":{"line":13,"column":2},"end":{"line":13,"column":61}}],"line":13},"1":{"loc":{"start":{"line":27,"column":3},"end":{"line":27,"column":23}},"type":"if","locations":[{"start":{"line":27,"column":3},"end":{"line":27,"column":23}},{"start":{"line":27,"column":3},"end":{"line":27,"column":23}}],"line":27},"2":{"loc":{"start":{"line":28,"column":3},"end":{"line":29,"column":58}},"type":"if","locations":[{"start":{"line":28,"column":3},"end":{"line":29,"column":58}},{"start":{"line":28,"column":3},"end":{"line":29,"column":58}}],"line":28},"3":{"loc":{"start":{"line":34,"column":3},"end":{"line":34,"column":23}},"type":"if","locations":[{"start":{"line":34,"column":3},"end":{"line":34,"column":23}},{"start":{"line":34,"column":3},"end":{"line":34,"column":23}}],"line":34},"4":{"loc":{"start":{"line":38,"column":3},"end":{"line":38,"column":23}},"type":"if","locations":[{"start":{"line":38,"column":3},"end":{"line":38,"column":23}},{"start":{"line":38,"column":3},"end":{"line":38,"column":23}}],"line":38},"5":{"loc":{"start":{"line":43,"column":3},"end":{"line":43,"column":23}},"type":"if","locations":[{"start":{"line":43,"column":3},"end":{"line":43,"column":23}},{"start":{"line":43,"column":3},"end":{"line":43,"column":23}}],"line":43}},"s":{"0":3,"1":3,"2":3,"3":3,"4":3,"5":26,"6":47,"7":26,"8":21,"9":6,"10":6,"11":6,"12":6,"13":6,"14":6,"15":6,"16":0,"17":0,"18":0,"19":0,"20":0,"21":0,"22":6,"23":0,"24":0,"25":0,"26":6,"27":0,"28":0,"29":0,"30":0,"31":6,"32":0,"33":0,"34":0,"35":15,"36":15,"37":2,"38":2,"39":11,"40":6,"41":26,"42":5,"43":6,"44":8,"45":8,"46":7,"47":53,"48":23,"49":7,"50":3},"f":{"0":26,"1":47,"2":6,"3":0,"4":0,"5":0,"6":0,"7":15,"8":2,"9":2,"10":11,"11":6,"12":26,"13":5,"14":6,"15":8,"16":8,"17":7,"18":53,"19":23,"20":7},"b":{"0":[26,21],"1":[0,0],"2":[0,0],"3":[0,0],"4":[0,0],"5":[0,0]},"_coverageSchema":"43e27e138ebf9cfc5966b082cf9a028302ed4184","hash":"a09a5eab35edd99b7f870ed83479cbe6856b3ee0"}
,"/Users/gmorer/red_tetris/src/server/src/classes/room.js": {"path":"/Users/gmorer/red_tetris/src/server/src/classes/room.js","statementMap":{"0":{"start":{"line":1,"column":32},"end":{"line":1,"column":51}},"1":{"start":{"line":3,"column":22},"end":{"line":6,"column":2}},"2":{"start":{"line":3,"column":43},"end":{"line":6,"column":2}},"3":{"start":{"line":4,"column":1},"end":{"line":4,"column":29}},"4":{"start":{"line":4,"column":22},"end":{"line":4,"column":29}},"5":{"start":{"line":5,"column":1},"end":{"line":5,"column":12}},"6":{"start":{"line":8,"column":22},"end":{"line":8,"column":110}},"7":{"start":{"line":8,"column":33},"end":{"line":8,"column":110}},"8":{"start":{"line":8,"column":56},"end":{"line":8,"column":108}},"9":{"start":{"line":12,"column":2},"end":{"line":12,"column":20}},"10":{"start":{"line":13,"column":2},"end":{"line":13,"column":15}},"11":{"start":{"line":14,"column":2},"end":{"line":14,"column":25}},"12":{"start":{"line":15,"column":2},"end":{"line":15,"column":21}},"13":{"start":{"line":16,"column":2},"end":{"line":16,"column":33}},"14":{"start":{"line":17,"column":2},"end":{"line":26,"column":3}},"15":{"start":{"line":18,"column":3},"end":{"line":25,"column":4}},"16":{"start":{"line":19,"column":18},"end":{"line":19,"column":46}},"17":{"start":{"line":20,"column":22},"end":{"line":20,"column":54}},"18":{"start":{"line":21,"column":24},"end":{"line":21,"column":52}},"19":{"start":{"line":22,"column":23},"end":{"line":22,"column":54}},"20":{"start":{"line":23,"column":17},"end":{"line":23,"column":48}},"21":{"start":{"line":24,"column":23},"end":{"line":24,"column":54}},"22":{"start":{"line":30,"column":17},"end":{"line":30,"column":21}},"23":{"start":{"line":31,"column":22},"end":{"line":31,"column":49}},"24":{"start":{"line":32,"column":2},"end":{"line":35,"column":4}},"25":{"start":{"line":33,"column":3},"end":{"line":33,"column":45}},"26":{"start":{"line":34,"column":3},"end":{"line":34,"column":55}},"27":{"start":{"line":34,"column":39},"end":{"line":34,"column":55}},"28":{"start":{"line":36,"column":2},"end":{"line":40,"column":3}},"29":{"start":{"line":37,"column":15},"end":{"line":37,"column":107}},"30":{"start":{"line":37,"column":67},"end":{"line":37,"column":99}},"31":{"start":{"line":38,"column":15},"end":{"line":38,"column":42}},"32":{"start":{"line":39,"column":3},"end":{"line":39,"column":30}},"33":{"start":{"line":41,"column":2},"end":{"line":58,"column":3}},"34":{"start":{"line":42,"column":3},"end":{"line":57,"column":4}},"35":{"start":{"line":44,"column":22},"end":{"line":44,"column":46}},"36":{"start":{"line":45,"column":4},"end":{"line":45,"column":26}},"37":{"start":{"line":46,"column":4},"end":{"line":49,"column":6}},"38":{"start":{"line":47,"column":5},"end":{"line":47,"column":34}},"39":{"start":{"line":48,"column":5},"end":{"line":48,"column":34}},"40":{"start":{"line":50,"column":4},"end":{"line":50,"column":32}},"41":{"start":{"line":52,"column":8},"end":{"line":57,"column":4}},"42":{"start":{"line":54,"column":4},"end":{"line":54,"column":27}},"43":{"start":{"line":55,"column":4},"end":{"line":55,"column":65}},"44":{"start":{"line":55,"column":35},"end":{"line":55,"column":64}},"45":{"start":{"line":56,"column":4},"end":{"line":56,"column":43}},"46":{"start":{"line":62,"column":2},"end":{"line":64,"column":4}},"47":{"start":{"line":63,"column":3},"end":{"line":63,"column":26}},"48":{"start":{"line":68,"column":2},"end":{"line":70,"column":4}},"49":{"start":{"line":69,"column":3},"end":{"line":69,"column":37}},"50":{"start":{"line":74,"column":14},"end":{"line":74,"column":69}},"51":{"start":{"line":74,"column":47},"end":{"line":74,"column":68}},"52":{"start":{"line":75,"column":2},"end":{"line":75,"column":33}},"53":{"start":{"line":76,"column":2},"end":{"line":76,"column":31}},"54":{"start":{"line":77,"column":2},"end":{"line":86,"column":3}},"55":{"start":{"line":79,"column":3},"end":{"line":82,"column":4}},"56":{"start":{"line":79,"column":36},"end":{"line":79,"column":67}},"57":{"start":{"line":80,"column":4},"end":{"line":80,"column":65}},"58":{"start":{"line":80,"column":35},"end":{"line":80,"column":64}},"59":{"start":{"line":81,"column":4},"end":{"line":81,"column":26}},"60":{"start":{"line":83,"column":9},"end":{"line":86,"column":3}},"61":{"start":{"line":85,"column":3},"end":{"line":85,"column":64}},"62":{"start":{"line":85,"column":34},"end":{"line":85,"column":63}},"63":{"start":{"line":87,"column":22},"end":{"line":87,"column":49}},"64":{"start":{"line":88,"column":2},"end":{"line":88,"column":67}},"65":{"start":{"line":88,"column":33},"end":{"line":88,"column":66}},"66":{"start":{"line":92,"column":2},"end":{"line":92,"column":44}},"67":{"start":{"line":92,"column":32},"end":{"line":92,"column":44}},"68":{"start":{"line":93,"column":22},"end":{"line":93,"column":49}},"69":{"start":{"line":94,"column":2},"end":{"line":94,"column":68}},"70":{"start":{"line":94,"column":33},"end":{"line":94,"column":53}},"71":{"start":{"line":94,"column":56},"end":{"line":94,"column":68}},"72":{"start":{"line":95,"column":2},"end":{"line":95,"column":46}},"73":{"start":{"line":96,"column":2},"end":{"line":96,"column":22}},"74":{"start":{"line":97,"column":2},"end":{"line":97,"column":31}},"75":{"start":{"line":98,"column":2},"end":{"line":98,"column":23}},"76":{"start":{"line":99,"column":16},"end":{"line":99,"column":41}},"77":{"start":{"line":100,"column":2},"end":{"line":100,"column":76}},"78":{"start":{"line":100,"column":33},"end":{"line":100,"column":75}},"79":{"start":{"line":101,"column":2},"end":{"line":101,"column":53}},"80":{"start":{"line":102,"column":2},"end":{"line":102,"column":13}},"81":{"start":{"line":106,"column":2},"end":{"line":106,"column":35}},"82":{"start":{"line":107,"column":2},"end":{"line":107,"column":63}},"83":{"start":{"line":107,"column":33},"end":{"line":107,"column":62}},"84":{"start":{"line":108,"column":2},"end":{"line":108,"column":13}},"85":{"start":{"line":112,"column":11},"end":{"line":112,"column":25}},"86":{"start":{"line":113,"column":14},"end":{"line":113,"column":31}},"87":{"start":{"line":114,"column":17},"end":{"line":114,"column":43}},"88":{"start":{"line":115,"column":17},"end":{"line":115,"column":37}},"89":{"start":{"line":116,"column":14},"end":{"line":116,"column":71}},"90":{"start":{"line":116,"column":49},"end":{"line":116,"column":70}},"91":{"start":{"line":119,"column":0},"end":{"line":119,"column":22}}},"fnMap":{"0":{"name":"(anonymous_0)","decl":{"start":{"line":3,"column":22},"end":{"line":3,"column":23}},"loc":{"start":{"line":3,"column":43},"end":{"line":6,"column":2}},"line":3},"1":{"name":"(anonymous_1)","decl":{"start":{"line":3,"column":59},"end":{"line":3,"column":60}},"loc":{"start":{"line":3,"column":69},"end":{"line":6,"column":1}},"line":3},"2":{"name":"(anonymous_2)","decl":{"start":{"line":8,"column":22},"end":{"line":8,"column":23}},"loc":{"start":{"line":8,"column":33},"end":{"line":8,"column":110}},"line":8},"3":{"name":"(anonymous_3)","decl":{"start":{"line":8,"column":45},"end":{"line":8,"column":46}},"loc":{"start":{"line":8,"column":56},"end":{"line":8,"column":108}},"line":8},"4":{"name":"(anonymous_4)","decl":{"start":{"line":11,"column":1},"end":{"line":11,"column":2}},"loc":{"start":{"line":11,"column":21},"end":{"line":27,"column":2}},"line":11},"5":{"name":"(anonymous_5)","decl":{"start":{"line":17,"column":12},"end":{"line":17,"column":13}},"loc":{"start":{"line":17,"column":31},"end":{"line":26,"column":3}},"line":17},"6":{"name":"(anonymous_6)","decl":{"start":{"line":29,"column":1},"end":{"line":29,"column":2}},"loc":{"start":{"line":29,"column":35},"end":{"line":59,"column":2}},"line":29},"7":{"name":"(anonymous_7)","decl":{"start":{"line":32,"column":23},"end":{"line":32,"column":24}},"loc":{"start":{"line":32,"column":33},"end":{"line":35,"column":3}},"line":32},"8":{"name":"(anonymous_8)","decl":{"start":{"line":37,"column":57},"end":{"line":37,"column":58}},"loc":{"start":{"line":37,"column":67},"end":{"line":37,"column":99}},"line":37},"9":{"name":"(anonymous_9)","decl":{"start":{"line":46,"column":25},"end":{"line":46,"column":26}},"loc":{"start":{"line":46,"column":35},"end":{"line":49,"column":5}},"line":46},"10":{"name":"(anonymous_10)","decl":{"start":{"line":55,"column":25},"end":{"line":55,"column":26}},"loc":{"start":{"line":55,"column":35},"end":{"line":55,"column":64}},"line":55},"11":{"name":"(anonymous_11)","decl":{"start":{"line":61,"column":1},"end":{"line":61,"column":2}},"loc":{"start":{"line":61,"column":20},"end":{"line":65,"column":2}},"line":61},"12":{"name":"(anonymous_12)","decl":{"start":{"line":62,"column":34},"end":{"line":62,"column":35}},"loc":{"start":{"line":62,"column":44},"end":{"line":64,"column":3}},"line":62},"13":{"name":"(anonymous_13)","decl":{"start":{"line":67,"column":1},"end":{"line":67,"column":2}},"loc":{"start":{"line":67,"column":26},"end":{"line":71,"column":2}},"line":67},"14":{"name":"(anonymous_14)","decl":{"start":{"line":68,"column":34},"end":{"line":68,"column":35}},"loc":{"start":{"line":68,"column":44},"end":{"line":70,"column":3}},"line":68},"15":{"name":"(anonymous_15)","decl":{"start":{"line":73,"column":1},"end":{"line":73,"column":2}},"loc":{"start":{"line":73,"column":16},"end":{"line":89,"column":2}},"line":73},"16":{"name":"(anonymous_16)","decl":{"start":{"line":74,"column":37},"end":{"line":74,"column":38}},"loc":{"start":{"line":74,"column":47},"end":{"line":74,"column":68}},"line":74},"17":{"name":"(anonymous_17)","decl":{"start":{"line":79,"column":26},"end":{"line":79,"column":27}},"loc":{"start":{"line":79,"column":36},"end":{"line":79,"column":67}},"line":79},"18":{"name":"(anonymous_18)","decl":{"start":{"line":80,"column":25},"end":{"line":80,"column":26}},"loc":{"start":{"line":80,"column":35},"end":{"line":80,"column":64}},"line":80},"19":{"name":"(anonymous_19)","decl":{"start":{"line":85,"column":24},"end":{"line":85,"column":25}},"loc":{"start":{"line":85,"column":34},"end":{"line":85,"column":63}},"line":85},"20":{"name":"(anonymous_20)","decl":{"start":{"line":88,"column":23},"end":{"line":88,"column":24}},"loc":{"start":{"line":88,"column":33},"end":{"line":88,"column":66}},"line":88},"21":{"name":"(anonymous_21)","decl":{"start":{"line":91,"column":1},"end":{"line":91,"column":2}},"loc":{"start":{"line":91,"column":25},"end":{"line":103,"column":2}},"line":91},"22":{"name":"(anonymous_22)","decl":{"start":{"line":94,"column":23},"end":{"line":94,"column":24}},"loc":{"start":{"line":94,"column":33},"end":{"line":94,"column":53}},"line":94},"23":{"name":"(anonymous_23)","decl":{"start":{"line":100,"column":23},"end":{"line":100,"column":24}},"loc":{"start":{"line":100,"column":33},"end":{"line":100,"column":75}},"line":100},"24":{"name":"(anonymous_24)","decl":{"start":{"line":105,"column":1},"end":{"line":105,"column":2}},"loc":{"start":{"line":105,"column":23},"end":{"line":109,"column":2}},"line":105},"25":{"name":"(anonymous_25)","decl":{"start":{"line":107,"column":23},"end":{"line":107,"column":24}},"loc":{"start":{"line":107,"column":33},"end":{"line":107,"column":62}},"line":107},"26":{"name":"(anonymous_26)","decl":{"start":{"line":112,"column":1},"end":{"line":112,"column":2}},"loc":{"start":{"line":112,"column":9},"end":{"line":112,"column":27}},"line":112},"27":{"name":"(anonymous_27)","decl":{"start":{"line":113,"column":1},"end":{"line":113,"column":2}},"loc":{"start":{"line":113,"column":12},"end":{"line":113,"column":33}},"line":113},"28":{"name":"(anonymous_28)","decl":{"start":{"line":114,"column":1},"end":{"line":114,"column":2}},"loc":{"start":{"line":114,"column":15},"end":{"line":114,"column":45}},"line":114},"29":{"name":"(anonymous_29)","decl":{"start":{"line":115,"column":1},"end":{"line":115,"column":2}},"loc":{"start":{"line":115,"column":15},"end":{"line":115,"column":39}},"line":115},"30":{"name":"(anonymous_30)","decl":{"start":{"line":116,"column":1},"end":{"line":116,"column":2}},"loc":{"start":{"line":116,"column":12},"end":{"line":116,"column":73}},"line":116},"31":{"name":"(anonymous_31)","decl":{"start":{"line":116,"column":39},"end":{"line":116,"column":40}},"loc":{"start":{"line":116,"column":49},"end":{"line":116,"column":70}},"line":116}},"branchMap":{"0":{"loc":{"start":{"line":4,"column":1},"end":{"line":4,"column":29}},"type":"if","locations":[{"start":{"line":4,"column":1},"end":{"line":4,"column":29}},{"start":{"line":4,"column":1},"end":{"line":4,"column":29}}],"line":4},"1":{"loc":{"start":{"line":18,"column":3},"end":{"line":25,"column":4}},"type":"switch","locations":[{"start":{"line":19,"column":4},"end":{"line":19,"column":46}},{"start":{"line":20,"column":4},"end":{"line":20,"column":54}},{"start":{"line":21,"column":4},"end":{"line":21,"column":52}},{"start":{"line":22,"column":4},"end":{"line":22,"column":54}},{"start":{"line":23,"column":4},"end":{"line":23,"column":48}},{"start":{"line":24,"column":4},"end":{"line":24,"column":54}}],"line":18},"2":{"loc":{"start":{"line":34,"column":3},"end":{"line":34,"column":55}},"type":"if","locations":[{"start":{"line":34,"column":3},"end":{"line":34,"column":55}},{"start":{"line":34,"column":3},"end":{"line":34,"column":55}}],"line":34},"3":{"loc":{"start":{"line":36,"column":2},"end":{"line":40,"column":3}},"type":"if","locations":[{"start":{"line":36,"column":2},"end":{"line":40,"column":3}},{"start":{"line":36,"column":2},"end":{"line":40,"column":3}}],"line":36},"4":{"loc":{"start":{"line":36,"column":6},"end":{"line":36,"column":55}},"type":"binary-expr","locations":[{"start":{"line":36,"column":6},"end":{"line":36,"column":29}},{"start":{"line":36,"column":33},"end":{"line":36,"column":55}}],"line":36},"5":{"loc":{"start":{"line":41,"column":2},"end":{"line":58,"column":3}},"type":"if","locations":[{"start":{"line":41,"column":2},"end":{"line":58,"column":3}},{"start":{"line":41,"column":2},"end":{"line":58,"column":3}}],"line":41},"6":{"loc":{"start":{"line":41,"column":6},"end":{"line":41,"column":41}},"type":"binary-expr","locations":[{"start":{"line":41,"column":6},"end":{"line":41,"column":14}},{"start":{"line":41,"column":18},"end":{"line":41,"column":41}}],"line":41},"7":{"loc":{"start":{"line":42,"column":3},"end":{"line":57,"column":4}},"type":"if","locations":[{"start":{"line":42,"column":3},"end":{"line":57,"column":4}},{"start":{"line":42,"column":3},"end":{"line":57,"column":4}}],"line":42},"8":{"loc":{"start":{"line":52,"column":8},"end":{"line":57,"column":4}},"type":"if","locations":[{"start":{"line":52,"column":8},"end":{"line":57,"column":4}},{"start":{"line":52,"column":8},"end":{"line":57,"column":4}}],"line":52},"9":{"loc":{"start":{"line":77,"column":2},"end":{"line":86,"column":3}},"type":"if","locations":[{"start":{"line":77,"column":2},"end":{"line":86,"column":3}},{"start":{"line":77,"column":2},"end":{"line":86,"column":3}}],"line":77},"10":{"loc":{"start":{"line":79,"column":3},"end":{"line":82,"column":4}},"type":"if","locations":[{"start":{"line":79,"column":3},"end":{"line":82,"column":4}},{"start":{"line":79,"column":3},"end":{"line":82,"column":4}}],"line":79},"11":{"loc":{"start":{"line":83,"column":9},"end":{"line":86,"column":3}},"type":"if","locations":[{"start":{"line":83,"column":9},"end":{"line":86,"column":3}},{"start":{"line":83,"column":9},"end":{"line":86,"column":3}}],"line":83},"12":{"loc":{"start":{"line":92,"column":2},"end":{"line":92,"column":44}},"type":"if","locations":[{"start":{"line":92,"column":2},"end":{"line":92,"column":44}},{"start":{"line":92,"column":2},"end":{"line":92,"column":44}}],"line":92},"13":{"loc":{"start":{"line":94,"column":2},"end":{"line":94,"column":68}},"type":"if","locations":[{"start":{"line":94,"column":2},"end":{"line":94,"column":68}},{"start":{"line":94,"column":2},"end":{"line":94,"column":68}}],"line":94}},"s":{"0":2,"1":2,"2":2,"3":4,"4":2,"5":2,"6":2,"7":16,"8":22,"9":2,"10":2,"11":2,"12":2,"13":2,"14":2,"15":0,"16":0,"17":0,"18":0,"19":0,"20":0,"21":0,"22":7,"23":7,"24":7,"25":14,"26":14,"27":4,"28":7,"29":3,"30":6,"31":3,"32":3,"33":7,"34":3,"35":2,"36":2,"37":2,"38":4,"39":4,"40":2,"41":1,"42":1,"43":1,"44":2,"45":1,"46":1,"47":1,"48":1,"49":1,"50":3,"51":3,"52":3,"53":3,"54":3,"55":1,"56":1,"57":1,"58":1,"59":1,"60":2,"61":2,"62":2,"63":3,"64":3,"65":3,"66":6,"67":0,"68":6,"69":6,"70":4,"71":1,"72":5,"73":5,"74":5,"75":5,"76":5,"77":5,"78":8,"79":5,"80":5,"81":5,"82":5,"83":10,"84":5,"85":8,"86":14,"87":9,"88":0,"89":3,"90":3,"91":2},"f":{"0":2,"1":4,"2":16,"3":22,"4":2,"5":0,"6":7,"7":14,"8":6,"9":4,"10":2,"11":1,"12":1,"13":1,"14":1,"15":3,"16":3,"17":1,"18":1,"19":2,"20":3,"21":6,"22":4,"23":8,"24":5,"25":10,"26":8,"27":14,"28":9,"29":0,"30":3,"31":3},"b":{"0":[2,2],"1":[0,0,0,0,0,0],"2":[4,10],"3":[3,4],"4":[7,3],"5":[3,4],"6":[7,3],"7":[2,1],"8":[1,0],"9":[1,2],"10":[1,0],"11":[2,0],"12":[0,6],"13":[1,5]},"_coverageSchema":"43e27e138ebf9cfc5966b082cf9a028302ed4184","hash":"a57e6ef24a8088c8a2c02a9797e97acbc756ea65"}
}
