TN:
SF:/Users/gmorer/red_tetris/src/server/src/utils.js
FN:3,(anonymous_0)
FN:6,(anonymous_1)
FN:8,(anonymous_2)
FN:8,(anonymous_3)
FN:9,(anonymous_4)
FN:12,(anonymous_5)
FN:16,(anonymous_6)
FNF:7
FNH:4
FNDA:6,(anonymous_0)
FNDA:120,(anonymous_1)
FNDA:0,(anonymous_2)
FNDA:0,(anonymous_3)
FNDA:0,(anonymous_4)
FNDA:2,(anonymous_5)
FNDA:1000,(anonymous_6)
DA:1,3
DA:3,3
DA:4,6
DA:6,120
DA:8,3
DA:9,0
DA:12,3
DA:13,2
DA:16,1000
DA:18,3
LF:10
LH:9
BRF:0
BRH:0
end_of_record
TN:
SF:/Users/gmorer/red_tetris/src/server/src/classes/game.js
FN:6,(anonymous_0)
FN:13,(anonymous_1)
FN:14,(anonymous_2)
FN:15,(anonymous_3)
FN:18,(anonymous_4)
FN:23,(anonymous_5)
FN:24,(anonymous_6)
FN:25,(anonymous_7)
FN:28,(anonymous_8)
FN:32,(anonymous_9)
FN:48,(anonymous_10)
FN:49,(anonymous_11)
FN:52,(anonymous_12)
FN:57,(anonymous_13)
FNF:14
FNH:11
FNDA:1,(anonymous_0)
FNDA:6,(anonymous_1)
FNDA:6,(anonymous_2)
FNDA:6,(anonymous_3)
FNDA:1,(anonymous_4)
FNDA:0,(anonymous_5)
FNDA:0,(anonymous_6)
FNDA:0,(anonymous_7)
FNDA:1,(anonymous_8)
FNDA:2,(anonymous_9)
FNDA:2,(anonymous_10)
FNDA:1,(anonymous_11)
FNDA:2,(anonymous_12)
FNDA:1,(anonymous_13)
DA:1,1
DA:2,1
DA:3,1
DA:7,1
DA:8,1
DA:9,1
DA:10,1
DA:14,6
DA:15,6
DA:19,1
DA:20,1
DA:21,1
DA:22,1
DA:23,1
DA:24,1
DA:25,1
DA:29,1
DA:33,2
DA:34,2
DA:35,1
DA:36,1
DA:37,1
DA:38,1
DA:39,1
DA:41,1
DA:42,1
DA:43,1
DA:44,0
DA:49,2
DA:53,2
DA:54,2
DA:55,2
DA:57,2
DA:58,2
DA:59,1
DA:60,1
DA:61,0
DA:62,1
DA:66,1
LF:39
LH:37
BRDA:34,0,0,1
BRDA:34,0,1,1
BRDA:41,1,0,1
BRDA:41,1,1,0
BRDA:53,2,0,2
BRDA:53,2,1,0
BRDA:58,3,0,1
BRDA:58,3,1,1
BRDA:60,4,0,0
BRDA:60,4,1,1
BRF:10
BRH:7
end_of_record
TN:
SF:/Users/gmorer/red_tetris/src/server/src/classes/player.js
FN:11,(anonymous_0)
FN:12,(anonymous_1)
FN:19,(anonymous_2)
FN:26,(anonymous_3)
FN:33,(anonymous_4)
FN:37,(anonymous_5)
FN:42,(anonymous_6)
FN:48,(anonymous_7)
FN:53,(anonymous_8)
FN:57,(anonymous_9)
FN:61,(anonymous_10)
FN:65,(anonymous_11)
FN:69,(anonymous_12)
FN:70,(anonymous_13)
FN:71,(anonymous_14)
FN:73,(anonymous_15)
FN:74,(anonymous_16)
FN:75,(anonymous_17)
FN:77,(anonymous_18)
FN:78,(anonymous_19)
FN:79,(anonymous_20)
FNF:21
FNH:17
FNDA:26,(anonymous_0)
FNDA:47,(anonymous_1)
FNDA:6,(anonymous_2)
FNDA:0,(anonymous_3)
FNDA:0,(anonymous_4)
FNDA:0,(anonymous_5)
FNDA:0,(anonymous_6)
FNDA:15,(anonymous_7)
FNDA:2,(anonymous_8)
FNDA:2,(anonymous_9)
FNDA:11,(anonymous_10)
FNDA:6,(anonymous_11)
FNDA:26,(anonymous_12)
FNDA:5,(anonymous_13)
FNDA:6,(anonymous_14)
FNDA:8,(anonymous_15)
FNDA:8,(anonymous_16)
FNDA:7,(anonymous_17)
FNDA:53,(anonymous_18)
FNDA:23,(anonymous_19)
FNDA:7,(anonymous_20)
DA:1,3
DA:3,3
DA:4,3
DA:5,3
DA:11,3
DA:12,26
DA:13,47
DA:14,21
DA:20,6
DA:21,6
DA:22,6
DA:23,6
DA:24,6
DA:25,6
DA:26,6
DA:27,0
DA:28,0
DA:29,0
DA:30,0
DA:31,0
DA:33,6
DA:34,0
DA:35,0
DA:37,6
DA:38,0
DA:39,0
DA:40,0
DA:42,6
DA:43,0
DA:44,0
DA:49,15
DA:50,15
DA:54,2
DA:58,2
DA:62,11
DA:66,6
DA:69,26
DA:70,5
DA:71,6
DA:73,8
DA:74,8
DA:75,7
DA:77,53
DA:78,23
DA:79,7
DA:82,3
LF:46
LH:34
BRDA:13,0,0,26
BRDA:13,0,1,21
BRDA:27,1,0,0
BRDA:27,1,1,0
BRDA:28,2,0,0
BRDA:28,2,1,0
BRDA:34,3,0,0
BRDA:34,3,1,0
BRDA:38,4,0,0
BRDA:38,4,1,0
BRDA:43,5,0,0
BRDA:43,5,1,0
BRF:12
BRH:2
end_of_record
TN:
SF:/Users/gmorer/red_tetris/src/server/src/classes/room.js
FN:3,(anonymous_0)
FN:3,(anonymous_1)
FN:8,(anonymous_2)
FN:8,(anonymous_3)
FN:11,(anonymous_4)
FN:17,(anonymous_5)
FN:29,(anonymous_6)
FN:32,(anonymous_7)
FN:37,(anonymous_8)
FN:46,(anonymous_9)
FN:55,(anonymous_10)
FN:61,(anonymous_11)
FN:62,(anonymous_12)
FN:67,(anonymous_13)
FN:68,(anonymous_14)
FN:73,(anonymous_15)
FN:74,(anonymous_16)
FN:79,(anonymous_17)
FN:80,(anonymous_18)
FN:85,(anonymous_19)
FN:88,(anonymous_20)
FN:91,(anonymous_21)
FN:94,(anonymous_22)
FN:100,(anonymous_23)
FN:105,(anonymous_24)
FN:107,(anonymous_25)
FN:112,(anonymous_26)
FN:113,(anonymous_27)
FN:114,(anonymous_28)
FN:115,(anonymous_29)
FN:116,(anonymous_30)
FN:116,(anonymous_31)
FNF:32
FNH:30
FNDA:2,(anonymous_0)
FNDA:4,(anonymous_1)
FNDA:16,(anonymous_2)
FNDA:22,(anonymous_3)
FNDA:2,(anonymous_4)
FNDA:0,(anonymous_5)
FNDA:7,(anonymous_6)
FNDA:14,(anonymous_7)
FNDA:6,(anonymous_8)
FNDA:4,(anonymous_9)
FNDA:2,(anonymous_10)
FNDA:1,(anonymous_11)
FNDA:1,(anonymous_12)
FNDA:1,(anonymous_13)
FNDA:1,(anonymous_14)
FNDA:3,(anonymous_15)
FNDA:3,(anonymous_16)
FNDA:1,(anonymous_17)
FNDA:1,(anonymous_18)
FNDA:2,(anonymous_19)
FNDA:3,(anonymous_20)
FNDA:6,(anonymous_21)
FNDA:4,(anonymous_22)
FNDA:8,(anonymous_23)
FNDA:5,(anonymous_24)
FNDA:10,(anonymous_25)
FNDA:8,(anonymous_26)
FNDA:14,(anonymous_27)
FNDA:9,(anonymous_28)
FNDA:0,(anonymous_29)
FNDA:3,(anonymous_30)
FNDA:3,(anonymous_31)
DA:1,2
DA:3,2
DA:4,4
DA:5,2
DA:8,22
DA:12,2
DA:13,2
DA:14,2
DA:15,2
DA:16,2
DA:17,2
DA:18,0
DA:19,0
DA:20,0
DA:21,0
DA:22,0
DA:23,0
DA:24,0
DA:30,7
DA:31,7
DA:32,7
DA:33,14
DA:34,14
DA:36,7
DA:37,6
DA:38,3
DA:39,3
DA:41,7
DA:42,3
DA:44,2
DA:45,2
DA:46,2
DA:47,4
DA:48,4
DA:50,2
DA:52,1
DA:54,1
DA:55,2
DA:56,1
DA:62,1
DA:63,1
DA:68,1
DA:69,1
DA:74,3
DA:75,3
DA:76,3
DA:77,3
DA:79,1
DA:80,1
DA:81,1
DA:83,2
DA:85,2
DA:87,3
DA:88,3
DA:92,6
DA:93,6
DA:94,6
DA:95,5
DA:96,5
DA:97,5
DA:98,5
DA:99,5
DA:100,8
DA:101,5
DA:102,5
DA:106,5
DA:107,10
DA:108,5
DA:112,8
DA:113,14
DA:114,9
DA:115,0
DA:116,3
DA:119,2
LF:74
LH:66
BRDA:4,0,0,2
BRDA:4,0,1,2
BRDA:18,1,0,0
BRDA:18,1,1,0
BRDA:18,1,2,0
BRDA:18,1,3,0
BRDA:18,1,4,0
BRDA:18,1,5,0
BRDA:34,2,0,4
BRDA:34,2,1,10
BRDA:36,3,0,3
BRDA:36,3,1,4
BRDA:36,4,0,7
BRDA:36,4,1,3
BRDA:41,5,0,3
BRDA:41,5,1,4
BRDA:41,6,0,7
BRDA:41,6,1,3
BRDA:42,7,0,2
BRDA:42,7,1,1
BRDA:52,8,0,1
BRDA:52,8,1,0
BRDA:77,9,0,1
BRDA:77,9,1,2
BRDA:79,10,0,1
BRDA:79,10,1,0
BRDA:83,11,0,2
BRDA:83,11,1,0
BRDA:92,12,0,0
BRDA:92,12,1,6
BRDA:94,13,0,1
BRDA:94,13,1,5
BRF:32
BRH:22
end_of_record
